#
# A fatal error has been detected by the Java Runtime Environment:
#
#  SIGFPE (0x8) at pc=0x00007fff9de2c34a, pid=69044, tid=0x0000000000000307
#
# JRE version: Java(TM) SE Runtime Environment (8.0_151-b12) (build 1.8.0_151-b12)
# Java VM: Java HotSpot(TM) 64-Bit Server VM (25.151-b12 mixed mode bsd-amd64 compressed oops)
# Problematic frame:
# C  [libsystem_kernel.dylib+0x1234a]  mach_msg_trap+0xa
#
# Failed to write core dump. Core dumps have been disabled. To enable core dumping, try "ulimit -c unlimited" before starting Java again
#
# If you would like to submit a bug report, please visit:
#   http://bugreport.java.com/bugreport/crash.jsp
#

---------------  T H R E A D  ---------------

Current thread is native thread

siginfo: si_signo: 8 (SIGFPE), si_code: 0 (unknown), si_addr: 0x00007fff9de2c34a

Registers:
RAX=0x0000000010004005, RBX=0x00000000ffffffff, RCX=0x00007fff572d6b98, RDX=0x0000000000000000
RSP=0x00007fff572d6b98, RBP=0x00007fff572d6be0, RSI=0x0000000007000806, RDI=0x00007fff572d6d10
R8 =0x0000000000000e03, R9 =0x00000000ffffffff, R10=0x0000000000000c00, R11=0x0000000000000206
R12=0x0000000000000c00, R13=0x0000000000000000, R14=0x00007fff572d6d10, R15=0x0000000000000e03
RIP=0x00007fff9de2c34a, EFLAGS=0x0000000000000206, ERR=0x000000000100001f
  TRAPNO=0x0000000000000085

Top of Stack: (sp=0x00007fff572d6b98)
0x00007fff572d6b98:   00007fff9de2b797 0000000000000000
0x00007fff572d6ba8:   0700080607000806 00000000a6bfaa80
0x00007fff572d6bb8:   00000000ffffffff 0000000007000806
0x00007fff572d6bc8:   00007fff572d6cf8 0000000000000c00
0x00007fff572d6bd8:   00007fff572d6d10 00007fff572d6c50
0x00007fff572d6be8:   00007fff88517434 00007fff00000000
0x00007fff572d6bf8:   ffffffff9dd4b47a 00007fff572d6cf4
0x00007fff572d6c08:   070001019de87282 00007fff572d6d08
0x00007fff572d6c18:   00000e0300001203 00007fff572d6d00
0x00007fff572d6c28:   00000000ffffffff 0000000000000000
0x00007fff572d6c38:   00007f9a107016b0 0000000000000e03
0x00007fff572d6c48:   00007f9a10701501 00007fff572d7940
0x00007fff572d6c58:   00007fff885168c1 00000000000085f9
0x00007fff572d6c68:   00007fff85fcaeff 00007fffa35a9da0
0x00007fff572d6c78:   00007f9a10701b50 0000000000000000
0x00007fff572d6c88:   00007f9a10701b60 000000005903de27
0x00007fff572d6c98:   41c2a6a758d1001d 000000009dd00570
0x00007fff572d6ca8:   00007fff86c2f05a 000000009de1a000
0x00007fff572d6cb8:   00007f9a10701580 00007f9a107016c0
0x00007fff572d6cc8:   00007fff00001203 00007f9a10701570
0x00007fff572d6cd8:   4415af1d78b58c00 00000f03572d6d30
0x00007fff572d6ce8:   0000000113699d33 00000000136c7db8
0x00007fff572d6cf8:   00007fff572d6d10 0000000000000000
0x00007fff572d6d08:   ffffffffffffffff 00000c0000000000
0x00007fff572d6d18:   00000e0300000000 00000000572d6d70
0x00007fff572d6d28:   0000000113699d33 00007fff572d6d70
0x00007fff572d6d38:   00007fffaba3f091 00007fffaba3f091
0x00007fff572d6d48:   00007fffaba42508 00000001136d2228
0x00007fff572d6d58:   00000001136d2228 00007fff572d70a0
0x00007fff572d6d68:   0000000108937315 00007fff572d6db0
0x00007fff572d6d78:   00000001136a2da8 00007fffaba3f092
0x00007fff572d6d88:   000000000000000e 00000001136d2228 

Instructions: (pc=0x00007fff9de2c34a)
0x00007fff9de2c32a:   ca b8 1c 00 00 01 0f 05 c3 90 49 89 ca b8 1d 00
0x00007fff9de2c33a:   00 01 0f 05 c3 90 49 89 ca b8 1f 00 00 01 0f 05
0x00007fff9de2c34a:   c3 90 49 89 ca b8 20 00 00 01 0f 05 c3 90 49 89
0x00007fff9de2c35a:   ca b8 21 00 00 01 0f 05 c3 90 49 89 ca b8 22 00 

Register to memory mapping:

RAX=0x0000000010004005 is an unknown value
RBX=0x00000000ffffffff is an unknown value
RCX=0x00007fff572d6b98 is an unknown value
RDX=0x0000000000000000 is an unknown value
RSP=0x00007fff572d6b98 is an unknown value
RBP=0x00007fff572d6be0 is an unknown value
RSI=0x0000000007000806 is an unknown value
RDI=0x00007fff572d6d10 is an unknown value
R8 =0x0000000000000e03 is an unknown value
R9 =0x00000000ffffffff is an unknown value
R10=0x0000000000000c00 is an unknown value
R11=0x0000000000000206 is an unknown value
R12=0x0000000000000c00 is an unknown value
R13=0x0000000000000000 is an unknown value
R14=0x00007fff572d6d10 is an unknown value
R15=0x0000000000000e03 is an unknown value


Stack: [0x00007fff56adc000,0x00007fff572dc000],  sp=0x00007fff572d6b98,  free space=8170k
Native frames: (J=compiled Java code, j=interpreted, Vv=VM code, C=native code)
C  [libsystem_kernel.dylib+0x1234a]  mach_msg_trap+0xa
C  [CoreFoundation+0x88434]  __CFRunLoopServiceMachPort+0xd4
C  [CoreFoundation+0x878c1]  __CFRunLoopRun+0x551
C  [CoreFoundation+0x87114]  CFRunLoopRunSpecific+0x1a4
C  [java+0x6465]  CreateExecutionEnvironment+0x367
C  [java+0x218c]  JLI_Launch+0x7a0
C  [java+0x84c2]  main+0x65
C  [java+0x19e4]  start+0x34


---------------  P R O C E S S  ---------------

VM state:not at safepoint (normal execution)

VM Mutex/Monitor currently owned by a thread: None

Heap:
 PSYoungGen      total 187392K, used 127192K [0x0000000795580000, 0x00000007a6880000, 0x00000007c0000000)
  eden space 171520K, 74% used [0x0000000795580000,0x000000079d1b6348,0x000000079fd00000)
  from space 15872K, 0% used [0x000000079fd00000,0x000000079fd00000,0x00000007a0c80000)
  to   space 17408K, 0% used [0x00000007a5780000,0x00000007a5780000,0x00000007a6880000)
 ParOldGen       total 94208K, used 24076K [0x0000000740000000, 0x0000000745c00000, 0x0000000795580000)
  object space 94208K, 25% used [0x0000000740000000,0x0000000741783360,0x0000000745c00000)
 Metaspace       used 39323K, capacity 39826K, committed 40320K, reserved 1085440K
  class space    used 4995K, capacity 5123K, committed 5248K, reserved 1048576K

Card table byte_map: [0x000000010a5c9000,0x000000010a9ca000] byte_map_base: 0x0000000106bc9000

Marking Bits: (ParMarkBitMap*) 0x00000001092a85d0
 Begin Bits: [0x000000010ac75000, 0x000000010cc75000)
 End Bits:   [0x000000010cc75000, 0x000000010ec75000)

Polling page: 0x000000010999f000

CodeCache: size=245760Kb used=10034Kb max_used=10034Kb free=235725Kb
 bounds [0x0000000113713000, 0x00000001140e3000, 0x0000000122713000]
 total_blobs=5053 nmethods=4351 adapters=614
 compilation: enabled

Compilation events (10 events):
Event: 1564.556 Thread 0x00007f9a10899800 4431       1       org.apache.catalina.mapper.MapperListener::lifecycleEvent (178 bytes)
Event: 1564.557 Thread 0x00007f9a10899800 nmethod 4431 0x00000001140e0450 code [0x00000001140e0680, 0x00000001140e0e38]
Event: 1684.568 Thread 0x00007f9a10899800 4432       1       org.apache.catalina.core.StandardWrapper::getServlet (5 bytes)
Event: 1684.568 Thread 0x00007f9a10899800 nmethod 4432 0x00000001140e1210 code [0x00000001140e1360, 0x00000001140e1470]
Event: 1924.595 Thread 0x00007f9a10899800 4433       1       org.apache.catalina.core.ContainerBase::access$100 (5 bytes)
Event: 1924.595 Thread 0x00007f9a10899800 nmethod 4433 0x00000001140e14d0 code [0x00000001140e1620, 0x00000001140e1710]
Event: 2254.633 Thread 0x00007f9a10899800 4434   !   1       org.apache.catalina.core.StandardContext::getLoader (38 bytes)
Event: 2254.636 Thread 0x00007f9a10899800 nmethod 4434 0x00000001140e1790 code [0x00000001140e1940, 0x00000001140e1c58]
Event: 2314.639 Thread 0x00007f9a10899800 4435       1       java.util.EventObject::getSource (5 bytes)
Event: 2314.640 Thread 0x00007f9a10899800 nmethod 4435 0x00000001140e1f50 code [0x00000001140e20a0, 0x00000001140e21b0]

GC Heap History (10 events):
Event: 3.728 GC heap before
{Heap before GC invocations=7 (full 1):
 PSYoungGen      total 71680K, used 66560K [0x0000000795580000, 0x000000079eb80000, 0x00000007c0000000)
  eden space 66560K, 100% used [0x0000000795580000,0x0000000799680000,0x0000000799680000)
  from space 5120K, 0% used [0x0000000799680000,0x0000000799680000,0x0000000799b80000)
  to   space 10240K, 0% used [0x000000079e180000,0x000000079e180000,0x000000079eb80000)
 ParOldGen       total 60416K, used 9543K [0x0000000740000000, 0x0000000743b00000, 0x0000000795580000)
  object space 60416K, 15% used [0x0000000740000000,0x0000000740951ef0,0x0000000743b00000)
 Metaspace       used 23834K, capacity 24222K, committed 24448K, reserved 1071104K
  class space    used 3031K, capacity 3124K, committed 3200K, reserved 1048576K
Event: 3.741 GC heap after
Heap after GC invocations=7 (full 1):
 PSYoungGen      total 111616K, used 4855K [0x0000000795580000, 0x000000079e680000, 0x00000007c0000000)
  eden space 106496K, 0% used [0x0000000795580000,0x0000000795580000,0x000000079bd80000)
  from space 5120K, 94% used [0x000000079e180000,0x000000079e63dda8,0x000000079e680000)
  to   space 10240K, 0% used [0x000000079d280000,0x000000079d280000,0x000000079dc80000)
 ParOldGen       total 60416K, used 9551K [0x0000000740000000, 0x0000000743b00000, 0x0000000795580000)
  object space 60416K, 15% used [0x0000000740000000,0x0000000740953ef0,0x0000000743b00000)
 Metaspace       used 23834K, capacity 24222K, committed 24448K, reserved 1071104K
  class space    used 3031K, capacity 3124K, committed 3200K, reserved 1048576K
}
Event: 4.574 GC heap before
{Heap before GC invocations=8 (full 1):
 PSYoungGen      total 111616K, used 111351K [0x0000000795580000, 0x000000079e680000, 0x00000007c0000000)
  eden space 106496K, 100% used [0x0000000795580000,0x000000079bd80000,0x000000079bd80000)
  from space 5120K, 94% used [0x000000079e180000,0x000000079e63dda8,0x000000079e680000)
  to   space 10240K, 0% used [0x000000079d280000,0x000000079d280000,0x000000079dc80000)
 ParOldGen       total 60416K, used 9551K [0x0000000740000000, 0x0000000743b00000, 0x0000000795580000)
  object space 60416K, 15% used [0x0000000740000000,0x0000000740953ef0,0x0000000743b00000)
 Metaspace       used 28921K, capacity 29326K, committed 29696K, reserved 1075200K
  class space    used 3705K, capacity 3836K, committed 3840K, reserved 1048576K
Event: 4.615 GC heap after
Heap after GC invocations=8 (full 1):
 PSYoungGen      total 138240K, used 10228K [0x0000000795580000, 0x00000007a1900000, 0x00000007c0000000)
  eden space 128000K, 0% used [0x0000000795580000,0x0000000795580000,0x000000079d280000)
  from space 10240K, 99% used [0x000000079d280000,0x000000079dc7d0e8,0x000000079dc80000)
  to   space 12800K, 0% used [0x00000007a0c80000,0x00000007a0c80000,0x00000007a1900000)
 ParOldGen       total 60416K, used 12549K [0x0000000740000000, 0x0000000743b00000, 0x0000000795580000)
  object space 60416K, 20% used [0x0000000740000000,0x0000000740c415a0,0x0000000743b00000)
 Metaspace       used 28921K, capacity 29326K, committed 29696K, reserved 1075200K
  class space    used 3705K, capacity 3836K, committed 3840K, reserved 1048576K
}
Event: 5.265 GC heap before
{Heap before GC invocations=9 (full 1):
 PSYoungGen      total 138240K, used 138228K [0x0000000795580000, 0x00000007a1900000, 0x00000007c0000000)
  eden space 128000K, 100% used [0x0000000795580000,0x000000079d280000,0x000000079d280000)
  from space 10240K, 99% used [0x000000079d280000,0x000000079dc7d0e8,0x000000079dc80000)
  to   space 12800K, 0% used [0x00000007a0c80000,0x00000007a0c80000,0x00000007a1900000)
 ParOldGen       total 60416K, used 12549K [0x0000000740000000, 0x0000000743b00000, 0x0000000795580000)
  object space 60416K, 20% used [0x0000000740000000,0x0000000740c415a0,0x0000000743b00000)
 Metaspace       used 32737K, capacity 33170K, committed 33536K, reserved 1079296K
  class space    used 4214K, capacity 4322K, committed 4352K, reserved 1048576K
Event: 5.299 GC heap after
Heap after GC invocations=9 (full 1):
 PSYoungGen      total 184320K, used 12777K [0x0000000795580000, 0x00000007a4580000, 0x00000007c0000000)
  eden space 171520K, 0% used [0x0000000795580000,0x0000000795580000,0x000000079fd00000)
  from space 12800K, 99% used [0x00000007a0c80000,0x00000007a18fa4a0,0x00000007a1900000)
  to   space 15872K, 0% used [0x000000079fd00000,0x000000079fd00000,0x00000007a0c80000)
 ParOldGen       total 60416K, used 15081K [0x0000000740000000, 0x0000000743b00000, 0x0000000795580000)
  object space 60416K, 24% used [0x0000000740000000,0x0000000740eba760,0x0000000743b00000)
 Metaspace       used 32737K, capacity 33170K, committed 33536K, reserved 1079296K
  class space    used 4214K, capacity 4322K, committed 4352K, reserved 1048576K
}
Event: 5.675 GC heap before
{Heap before GC invocations=10 (full 1):
 PSYoungGen      total 184320K, used 62725K [0x0000000795580000, 0x00000007a4580000, 0x00000007c0000000)
  eden space 171520K, 29% used [0x0000000795580000,0x00000007986472d8,0x000000079fd00000)
  from space 12800K, 99% used [0x00000007a0c80000,0x00000007a18fa4a0,0x00000007a1900000)
  to   space 15872K, 0% used [0x000000079fd00000,0x000000079fd00000,0x00000007a0c80000)
 ParOldGen       total 60416K, used 15081K [0x0000000740000000, 0x0000000743b00000, 0x0000000795580000)
  object space 60416K, 24% used [0x0000000740000000,0x0000000740eba760,0x0000000743b00000)
 Metaspace       used 34687K, capacity 35042K, committed 35416K, reserved 1081344K
  class space    used 4394K, capacity 4499K, committed 4608K, reserved 1048576K
Event: 5.708 GC heap after
Heap after GC invocations=10 (full 1):
 PSYoungGen      total 187392K, used 14842K [0x0000000795580000, 0x00000007a6880000, 0x00000007c0000000)
  eden space 171520K, 0% used [0x0000000795580000,0x0000000795580000,0x000000079fd00000)
  from space 15872K, 93% used [0x000000079fd00000,0x00000007a0b7eb60,0x00000007a0c80000)
  to   space 17408K, 0% used [0x00000007a5780000,0x00000007a5780000,0x00000007a6880000)
 ParOldGen       total 60416K, used 16833K [0x0000000740000000, 0x0000000743b00000, 0x0000000795580000)
  object space 60416K, 27% used [0x0000000740000000,0x0000000741070760,0x0000000743b00000)
 Metaspace       used 34687K, capacity 35042K, committed 35416K, reserved 1081344K
  class space    used 4394K, capacity 4499K, committed 4608K, reserved 1048576K
}
Event: 5.708 GC heap before
{Heap before GC invocations=11 (full 2):
 PSYoungGen      total 187392K, used 14842K [0x0000000795580000, 0x00000007a6880000, 0x00000007c0000000)
  eden space 171520K, 0% used [0x0000000795580000,0x0000000795580000,0x000000079fd00000)
  from space 15872K, 93% used [0x000000079fd00000,0x00000007a0b7eb60,0x00000007a0c80000)
  to   space 17408K, 0% used [0x00000007a5780000,0x00000007a5780000,0x00000007a6880000)
 ParOldGen       total 60416K, used 16833K [0x0000000740000000, 0x0000000743b00000, 0x0000000795580000)
  object space 60416K, 27% used [0x0000000740000000,0x0000000741070760,0x0000000743b00000)
 Metaspace       used 34687K, capacity 35042K, committed 35416K, reserved 1081344K
  class space    used 4394K, capacity 4499K, committed 4608K, reserved 1048576K
Event: 5.843 GC heap after
Heap after GC invocations=11 (full 2):
 PSYoungGen      total 187392K, used 0K [0x0000000795580000, 0x00000007a6880000, 0x00000007c0000000)
  eden space 171520K, 0% used [0x0000000795580000,0x0000000795580000,0x000000079fd00000)
  from space 15872K, 0% used [0x000000079fd00000,0x000000079fd00000,0x00000007a0c80000)
  to   space 17408K, 0% used [0x00000007a5780000,0x00000007a5780000,0x00000007a6880000)
 ParOldGen       total 94208K, used 24076K [0x0000000740000000, 0x0000000745c00000, 0x0000000795580000)
  object space 94208K, 25% used [0x0000000740000000,0x0000000741783360,0x0000000745c00000)
 Metaspace       used 34687K, capacity 35042K, committed 35416K, reserved 1081344K
  class space    used 4394K, capacity 4499K, committed 4608K, reserved 1048576K
}

Deoptimization events (0 events):
No events

Internal exceptions (10 events):
Event: 9.840 Thread 0x00007f9a12110800 Exception <a 'java/lang/ClassNotFoundException': org/springframework/context/ApplicationContextAwareCustomizer> (0x000000079ad3e288) thrown at [/Users/java_re/workspace/8-2-build-macosx-x86_64/jdk8u151/9699/hotspot/src/share/vm/classfile/systemDictionary.
Event: 10.727 Thread 0x00007f9a1211e000 Exception <a 'java/io/FileNotFoundException'> (0x000000079c0efad0) thrown at [/Users/java_re/workspace/8-2-build-macosx-x86_64/jdk8u151/9699/hotspot/src/share/vm/prims/jni.cpp, line 709]
Event: 10.728 Thread 0x00007f9a1211e000 Exception <a 'java/io/FileNotFoundException'> (0x000000079c0f0a40) thrown at [/Users/java_re/workspace/8-2-build-macosx-x86_64/jdk8u151/9699/hotspot/src/share/vm/prims/jni.cpp, line 709]
Event: 10.770 Thread 0x00007f9a1211e000 Exception <a 'java/lang/ArrayIndexOutOfBoundsException'> (0x000000079c2edf60) thrown at [/Users/java_re/workspace/8-2-build-macosx-x86_64/jdk8u151/9699/hotspot/src/share/vm/runtime/sharedRuntime.cpp, line 605]
Event: 10.770 Thread 0x00007f9a1211e000 Exception <a 'java/lang/ArrayIndexOutOfBoundsException'> (0x000000079c2efde8) thrown at [/Users/java_re/workspace/8-2-build-macosx-x86_64/jdk8u151/9699/hotspot/src/share/vm/runtime/sharedRuntime.cpp, line 605]
Event: 10.771 Thread 0x00007f9a1211e000 Exception <a 'java/lang/ArrayIndexOutOfBoundsException'> (0x000000079c2fb0a8) thrown at [/Users/java_re/workspace/8-2-build-macosx-x86_64/jdk8u151/9699/hotspot/src/share/vm/runtime/sharedRuntime.cpp, line 605]
Event: 10.771 Thread 0x00007f9a1211e000 Exception <a 'java/lang/ArrayIndexOutOfBoundsException'> (0x000000079c2fcc10) thrown at [/Users/java_re/workspace/8-2-build-macosx-x86_64/jdk8u151/9699/hotspot/src/share/vm/runtime/sharedRuntime.cpp, line 605]
Event: 10.771 Thread 0x00007f9a1211e000 Exception <a 'java/lang/ArrayIndexOutOfBoundsException'> (0x000000079c306f98) thrown at [/Users/java_re/workspace/8-2-build-macosx-x86_64/jdk8u151/9699/hotspot/src/share/vm/runtime/sharedRuntime.cpp, line 605]
Event: 10.802 Thread 0x00007f9a1211e000 Exception <a 'java/lang/ArrayIndexOutOfBoundsException'> (0x000000079c4bb188) thrown at [/Users/java_re/workspace/8-2-build-macosx-x86_64/jdk8u151/9699/hotspot/src/share/vm/runtime/sharedRuntime.cpp, line 605]
Event: 10.825 Thread 0x00007f9a1211e000 Exception <a 'java/lang/ArrayIndexOutOfBoundsException'> (0x000000079c606e20) thrown at [/Users/java_re/workspace/8-2-build-macosx-x86_64/jdk8u151/9699/hotspot/src/share/vm/runtime/sharedRuntime.cpp, line 605]

Events (10 events):
Event: 91.439 Thread 0x00007f9a1227d800 Thread exited: 0x00007f9a1227d800
Event: 94.412 Thread 0x00007f9a10899800 flushing nmethod 0x0000000113865510
Event: 119.048 Thread 0x00007f9a10899800 flushing nmethod 0x00000001138d17d0
Event: 119.048 Thread 0x00007f9a10899800 flushing nmethod 0x00000001138f17d0
Event: 119.048 Thread 0x00007f9a10899800 flushing nmethod 0x00000001138f39d0
Event: 134.582 Thread 0x00007f9a10899800 flushing nmethod 0x0000000113a45490
Event: 184.418 loading class org/apache/catalina/Session
Event: 184.418 loading class org/apache/catalina/Session done
Event: 244.426 Thread 0x00007f9a10899800 flushing nmethod 0x000000011403e750
Event: 244.426 Thread 0x00007f9a10899800 flushing nmethod 0x0000000114058450


Dynamic libraries:
0x0000000013119000 	/System/Library/Frameworks/Cocoa.framework/Versions/A/Cocoa
0x0000000013119000 	/System/Library/Frameworks/Security.framework/Versions/A/Security
0x0000000013119000 	/System/Library/Frameworks/ApplicationServices.framework/Versions/A/ApplicationServices
0x0000000013119000 	/usr/lib/libz.1.dylib
0x0000000013119000 	/usr/lib/libSystem.B.dylib
0x0000000013119000 	/usr/lib/libobjc.A.dylib
0x0000000013119000 	/System/Library/Frameworks/CoreFoundation.framework/Versions/A/CoreFoundation
0x0000000013119000 	/System/Library/Frameworks/Foundation.framework/Versions/C/Foundation
0x0000000013119000 	/System/Library/Frameworks/AppKit.framework/Versions/C/AppKit
0x0000000013119000 	/System/Library/Frameworks/CoreData.framework/Versions/A/CoreData
0x0000000013119000 	/System/Library/PrivateFrameworks/RemoteViewServices.framework/Versions/A/RemoteViewServices
0x0000000013119000 	/System/Library/PrivateFrameworks/UIFoundation.framework/Versions/A/UIFoundation
0x0000000013119000 	/System/Library/PrivateFrameworks/DFRFoundation.framework/Versions/A/DFRFoundation
0x0000000013119000 	/usr/lib/libenergytrace.dylib
0x0000000013119000 	/System/Library/PrivateFrameworks/SkyLight.framework/Versions/A/SkyLight
0x0000000013119000 	/System/Library/Frameworks/CoreGraphics.framework/Versions/A/CoreGraphics
0x0000000013119000 	/usr/lib/libScreenReader.dylib
0x0000000013119000 	/System/Library/Frameworks/Accelerate.framework/Versions/A/Accelerate
0x0000000013119000 	/System/Library/Frameworks/IOSurface.framework/Versions/A/IOSurface
0x0000000013119000 	/System/Library/Frameworks/AudioToolbox.framework/Versions/A/AudioToolbox
0x0000000013119000 	/System/Library/Frameworks/AudioUnit.framework/Versions/A/AudioUnit
0x0000000013119000 	/System/Library/PrivateFrameworks/DataDetectorsCore.framework/Versions/A/DataDetectorsCore
0x0000000013119000 	/System/Library/PrivateFrameworks/DesktopServicesPriv.framework/Versions/A/DesktopServicesPriv
0x0000000013119000 	/System/Library/Frameworks/Carbon.framework/Versions/A/Frameworks/HIToolbox.framework/Versions/A/HIToolbox
0x0000000013119000 	/usr/lib/libicucore.A.dylib
0x0000000013119000 	/System/Library/Frameworks/QuartzCore.framework/Versions/A/QuartzCore
0x0000000013119000 	/System/Library/Frameworks/Carbon.framework/Versions/A/Frameworks/SpeechRecognition.framework/Versions/A/SpeechRecognition
0x0000000013119000 	/usr/lib/libauto.dylib
0x0000000013119000 	/usr/lib/libxml2.2.dylib
0x0000000013119000 	/System/Library/PrivateFrameworks/CoreUI.framework/Versions/A/CoreUI
0x0000000013119000 	/System/Library/Frameworks/CoreAudio.framework/Versions/A/CoreAudio
0x0000000013119000 	/System/Library/Frameworks/DiskArbitration.framework/Versions/A/DiskArbitration
0x0000000013119000 	/usr/lib/liblangid.dylib
0x0000000013119000 	/System/Library/PrivateFrameworks/MultitouchSupport.framework/Versions/A/MultitouchSupport
0x0000000013119000 	/System/Library/Frameworks/IOKit.framework/Versions/A/IOKit
0x0000000013119000 	/usr/lib/libDiagnosticMessagesClient.dylib
0x0000000013119000 	/System/Library/Frameworks/CoreServices.framework/Versions/A/CoreServices
0x0000000013119000 	/System/Library/PrivateFrameworks/PerformanceAnalysis.framework/Versions/A/PerformanceAnalysis
0x0000000013119000 	/System/Library/PrivateFrameworks/GenerationalStorage.framework/Versions/A/GenerationalStorage
0x0000000013119000 	/System/Library/Frameworks/OpenGL.framework/Versions/A/OpenGL
0x0000000013119000 	/System/Library/Frameworks/CoreImage.framework/Versions/A/CoreImage
0x0000000013119000 	/System/Library/Frameworks/CoreText.framework/Versions/A/CoreText
0x0000000013119000 	/System/Library/Frameworks/ImageIO.framework/Versions/A/ImageIO
0x0000000013119000 	/System/Library/PrivateFrameworks/Backup.framework/Versions/A/Backup
0x0000000013119000 	/usr/lib/libarchive.2.dylib
0x0000000013119000 	/System/Library/Frameworks/CFNetwork.framework/Versions/A/CFNetwork
0x0000000013119000 	/System/Library/Frameworks/SystemConfiguration.framework/Versions/A/SystemConfiguration
0x0000000013119000 	/usr/lib/libCRFSuite.dylib
0x0000000013119000 	/usr/lib/libc++.1.dylib
0x0000000013119000 	/usr/lib/libc++abi.dylib
0x0000000013119000 	/usr/lib/system/libcache.dylib
0x0000000013119000 	/usr/lib/system/libcommonCrypto.dylib
0x0000000013119000 	/usr/lib/system/libcompiler_rt.dylib
0x0000000013119000 	/usr/lib/system/libcopyfile.dylib
0x0000000013119000 	/usr/lib/system/libcorecrypto.dylib
0x0000000013119000 	/usr/lib/system/libdispatch.dylib
0x0000000013119000 	/usr/lib/system/libdyld.dylib
0x0000000013119000 	/usr/lib/system/libkeymgr.dylib
0x0000000013119000 	/usr/lib/system/liblaunch.dylib
0x0000000013119000 	/usr/lib/system/libmacho.dylib
0x0000000013119000 	/usr/lib/system/libquarantine.dylib
0x0000000013119000 	/usr/lib/system/libremovefile.dylib
0x0000000013119000 	/usr/lib/system/libsystem_asl.dylib
0x0000000013119000 	/usr/lib/system/libsystem_blocks.dylib
0x0000000013119000 	/usr/lib/system/libsystem_c.dylib
0x0000000013119000 	/usr/lib/system/libsystem_configuration.dylib
0x0000000013119000 	/usr/lib/system/libsystem_coreservices.dylib
0x0000000013119000 	/usr/lib/system/libsystem_coretls.dylib
0x0000000013119000 	/usr/lib/system/libsystem_dnssd.dylib
0x0000000013119000 	/usr/lib/system/libsystem_info.dylib
0x0000000013119000 	/usr/lib/system/libsystem_kernel.dylib
0x0000000013119000 	/usr/lib/system/libsystem_m.dylib
0x0000000013119000 	/usr/lib/system/libsystem_malloc.dylib
0x0000000013119000 	/usr/lib/system/libsystem_network.dylib
0x0000000013119000 	/usr/lib/system/libsystem_networkextension.dylib
0x0000000013119000 	/usr/lib/system/libsystem_notify.dylib
0x0000000013119000 	/usr/lib/system/libsystem_platform.dylib
0x0000000013119000 	/usr/lib/system/libsystem_pthread.dylib
0x0000000013119000 	/usr/lib/system/libsystem_sandbox.dylib
0x0000000013119000 	/usr/lib/system/libsystem_secinit.dylib
0x0000000013119000 	/usr/lib/system/libsystem_symptoms.dylib
0x0000000013119000 	/usr/lib/system/libsystem_trace.dylib
0x0000000013119000 	/usr/lib/system/libunwind.dylib
0x0000000013119000 	/usr/lib/system/libxpc.dylib
0x0000000013119000 	/usr/lib/libbsm.0.dylib
0x0000000013119000 	/usr/lib/system/libkxld.dylib
0x0000000013119000 	/usr/lib/libcoretls.dylib
0x0000000013119000 	/usr/lib/libcoretls_cfhelpers.dylib
0x0000000013119000 	/usr/lib/libOpenScriptingUtil.dylib
0x0000000013119000 	/usr/lib/libpam.2.dylib
0x0000000013119000 	/usr/lib/libsqlite3.dylib
0x0000000013119000 	/usr/lib/libxar.1.dylib
0x0000000013119000 	/usr/lib/libbz2.1.0.dylib
0x0000000013119000 	/usr/lib/liblzma.5.dylib
0x0000000013119000 	/usr/lib/libnetwork.dylib
0x0000000013119000 	/usr/lib/libpcap.A.dylib
0x0000000013119000 	/System/Library/Frameworks/CoreServices.framework/Versions/A/Frameworks/FSEvents.framework/Versions/A/FSEvents
0x0000000013119000 	/System/Library/Frameworks/CoreServices.framework/Versions/A/Frameworks/CarbonCore.framework/Versions/A/CarbonCore
0x0000000013119000 	/System/Library/Frameworks/CoreServices.framework/Versions/A/Frameworks/Metadata.framework/Versions/A/Metadata
0x0000000013119000 	/System/Library/Frameworks/CoreServices.framework/Versions/A/Frameworks/OSServices.framework/Versions/A/OSServices
0x0000000013119000 	/System/Library/Frameworks/CoreServices.framework/Versions/A/Frameworks/SearchKit.framework/Versions/A/SearchKit
0x0000000013119000 	/System/Library/Frameworks/CoreServices.framework/Versions/A/Frameworks/AE.framework/Versions/A/AE
0x0000000013119000 	/System/Library/Frameworks/CoreServices.framework/Versions/A/Frameworks/LaunchServices.framework/Versions/A/LaunchServices
0x0000000013119000 	/System/Library/Frameworks/CoreServices.framework/Versions/A/Frameworks/DictionaryServices.framework/Versions/A/DictionaryServices
0x0000000013119000 	/System/Library/Frameworks/CoreServices.framework/Versions/A/Frameworks/SharedFileList.framework/Versions/A/SharedFileList
0x0000000013119000 	/System/Library/Frameworks/NetFS.framework/Versions/A/NetFS
0x0000000013119000 	/System/Library/PrivateFrameworks/NetAuth.framework/Versions/A/NetAuth
0x0000000013119000 	/System/Library/PrivateFrameworks/login.framework/Versions/A/Frameworks/loginsupport.framework/Versions/A/loginsupport
0x0000000013119000 	/System/Library/PrivateFrameworks/TCC.framework/Versions/A/TCC
0x0000000013119000 	/usr/lib/libmecabra.dylib
0x0000000013119000 	/System/Library/Frameworks/ApplicationServices.framework/Versions/A/Frameworks/ATS.framework/Versions/A/ATS
0x0000000013119000 	/System/Library/Frameworks/ApplicationServices.framework/Versions/A/Frameworks/ColorSync.framework/Versions/A/ColorSync
0x0000000013119000 	/System/Library/Frameworks/ApplicationServices.framework/Versions/A/Frameworks/HIServices.framework/Versions/A/HIServices
0x0000000013119000 	/System/Library/Frameworks/ApplicationServices.framework/Versions/A/Frameworks/LangAnalysis.framework/Versions/A/LangAnalysis
0x0000000013119000 	/System/Library/Frameworks/ApplicationServices.framework/Versions/A/Frameworks/PrintCore.framework/Versions/A/PrintCore
0x0000000013119000 	/System/Library/Frameworks/ApplicationServices.framework/Versions/A/Frameworks/QD.framework/Versions/A/QD
0x0000000013119000 	/System/Library/Frameworks/ApplicationServices.framework/Versions/A/Frameworks/SpeechSynthesis.framework/Versions/A/SpeechSynthesis
0x0000000013119000 	/System/Library/Frameworks/Accelerate.framework/Versions/A/Frameworks/vImage.framework/Versions/A/vImage
0x0000000013119000 	/System/Library/Frameworks/Accelerate.framework/Versions/A/Frameworks/vecLib.framework/Versions/A/vecLib
0x0000000013119000 	/System/Library/Frameworks/Accelerate.framework/Versions/A/Frameworks/vecLib.framework/Versions/A/libvDSP.dylib
0x0000000013119000 	/System/Library/Frameworks/Accelerate.framework/Versions/A/Frameworks/vecLib.framework/Versions/A/libBNNS.dylib
0x0000000013119000 	/System/Library/Frameworks/Accelerate.framework/Versions/A/Frameworks/vecLib.framework/Versions/A/libQuadrature.dylib
0x0000000013119000 	/System/Library/Frameworks/Accelerate.framework/Versions/A/Frameworks/vecLib.framework/Versions/A/libvMisc.dylib
0x0000000013119000 	/System/Library/Frameworks/Accelerate.framework/Versions/A/Frameworks/vecLib.framework/Versions/A/libLAPACK.dylib
0x0000000013119000 	/System/Library/Frameworks/Accelerate.framework/Versions/A/Frameworks/vecLib.framework/Versions/A/libBLAS.dylib
0x0000000013119000 	/System/Library/Frameworks/Accelerate.framework/Versions/A/Frameworks/vecLib.framework/Versions/A/libLinearAlgebra.dylib
0x0000000013119000 	/System/Library/Frameworks/Accelerate.framework/Versions/A/Frameworks/vecLib.framework/Versions/A/libSparseBLAS.dylib
0x0000000013119000 	/System/Library/Frameworks/ApplicationServices.framework/Versions/A/Frameworks/ATS.framework/Versions/A/Resources/libFontParser.dylib
0x0000000013119000 	/System/Library/Frameworks/ApplicationServices.framework/Versions/A/Frameworks/ATS.framework/Versions/A/Resources/libFontRegistry.dylib
0x0000000013119000 	/System/Library/Frameworks/ImageIO.framework/Versions/A/Resources/libJPEG.dylib
0x0000000013119000 	/System/Library/Frameworks/ImageIO.framework/Versions/A/Resources/libTIFF.dylib
0x0000000013119000 	/System/Library/Frameworks/ImageIO.framework/Versions/A/Resources/libPng.dylib
0x0000000013119000 	/System/Library/Frameworks/ImageIO.framework/Versions/A/Resources/libGIF.dylib
0x0000000013119000 	/System/Library/Frameworks/ImageIO.framework/Versions/A/Resources/libJP2.dylib
0x0000000013119000 	/System/Library/Frameworks/ImageIO.framework/Versions/A/Resources/libRadiance.dylib
0x0000000013119000 	/usr/lib/libcompression.dylib
0x0000000013119000 	/System/Library/PrivateFrameworks/AppleJPEG.framework/Versions/A/AppleJPEG
0x0000000013119000 	/usr/lib/libcups.2.dylib
0x0000000013119000 	/System/Library/Frameworks/Kerberos.framework/Versions/A/Kerberos
0x0000000013119000 	/System/Library/Frameworks/GSS.framework/Versions/A/GSS
0x0000000013119000 	/usr/lib/libresolv.9.dylib
0x0000000013119000 	/usr/lib/libiconv.2.dylib
0x0000000013119000 	/System/Library/PrivateFrameworks/Heimdal.framework/Versions/A/Heimdal
0x0000000013119000 	/usr/lib/libheimdal-asn1.dylib
0x0000000013119000 	/System/Library/Frameworks/OpenDirectory.framework/Versions/A/OpenDirectory
0x0000000013119000 	/System/Library/PrivateFrameworks/CommonAuth.framework/Versions/A/CommonAuth
0x0000000013119000 	/System/Library/Frameworks/OpenDirectory.framework/Versions/A/Frameworks/CFOpenDirectory.framework/Versions/A/CFOpenDirectory
0x0000000013119000 	/System/Library/Frameworks/SecurityFoundation.framework/Versions/A/SecurityFoundation
0x0000000013119000 	/System/Library/PrivateFrameworks/LanguageModeling.framework/Versions/A/LanguageModeling
0x0000000013119000 	/usr/lib/libmarisa.dylib
0x0000000013119000 	/usr/lib/libChineseTokenizer.dylib
0x0000000013119000 	/usr/lib/libcmph.dylib
0x0000000013119000 	/System/Library/PrivateFrameworks/CoreEmoji.framework/Versions/A/CoreEmoji
0x0000000013119000 	/System/Library/Frameworks/ServiceManagement.framework/Versions/A/ServiceManagement
0x0000000013119000 	/usr/lib/libxslt.1.dylib
0x0000000013119000 	/System/Library/Frameworks/Carbon.framework/Versions/A/Frameworks/Ink.framework/Versions/A/Ink
0x0000000013119000 	/System/Library/PrivateFrameworks/TextureIO.framework/Versions/A/TextureIO
0x0000000013119000 	/System/Library/Frameworks/Metal.framework/Versions/A/Metal
0x0000000013119000 	/usr/lib/libate.dylib
0x0000000013119000 	/System/Library/PrivateFrameworks/GPUCompiler.framework/libmetal_timestamp.dylib
0x0000000013119000 	/System/Library/Frameworks/OpenGL.framework/Versions/A/Libraries/libCoreFSCache.dylib
0x0000000013119000 	/System/Library/PrivateFrameworks/IOAccelerator.framework/Versions/A/IOAccelerator
0x0000000013119000 	/System/Library/Frameworks/CoreVideo.framework/Versions/A/CoreVideo
0x0000000013119000 	/usr/lib/libFosl_dynamic.dylib
0x0000000013119000 	/System/Library/PrivateFrameworks/MetalPerformanceShaders.framework/Versions/A/MetalPerformanceShaders
0x0000000013119000 	/System/Library/PrivateFrameworks/FaceCore.framework/Versions/A/FaceCore
0x0000000013119000 	/System/Library/Frameworks/OpenCL.framework/Versions/A/OpenCL
0x0000000013119000 	/System/Library/Frameworks/OpenGL.framework/Versions/A/Libraries/libGLU.dylib
0x0000000013119000 	/System/Library/Frameworks/OpenGL.framework/Versions/A/Libraries/libGFXShared.dylib
0x0000000013119000 	/System/Library/Frameworks/OpenGL.framework/Versions/A/Libraries/libGL.dylib
0x0000000013119000 	/System/Library/Frameworks/OpenGL.framework/Versions/A/Libraries/libGLImage.dylib
0x0000000013119000 	/System/Library/Frameworks/OpenGL.framework/Versions/A/Libraries/libCVMSPluginSupport.dylib
0x0000000013119000 	/System/Library/Frameworks/OpenGL.framework/Versions/A/Libraries/libCoreVMClient.dylib
0x0000000013119000 	/System/Library/PrivateFrameworks/CrashReporterSupport.framework/Versions/A/CrashReporterSupport
0x0000000013119000 	/System/Library/PrivateFrameworks/Sharing.framework/Versions/A/Sharing
0x0000000013119000 	/System/Library/PrivateFrameworks/IconServices.framework/Versions/A/IconServices
0x0000000013119000 	/System/Library/PrivateFrameworks/ProtocolBuffer.framework/Versions/A/ProtocolBuffer
0x0000000013119000 	/System/Library/PrivateFrameworks/Apple80211.framework/Versions/A/Apple80211
0x0000000013119000 	/System/Library/Frameworks/CoreWLAN.framework/Versions/A/CoreWLAN
0x0000000013119000 	/System/Library/PrivateFrameworks/CoreUtils.framework/Versions/A/CoreUtils
0x0000000013119000 	/System/Library/Frameworks/IOBluetooth.framework/Versions/A/IOBluetooth
0x0000000013119000 	/System/Library/PrivateFrameworks/CoreWiFi.framework/Versions/A/CoreWiFi
0x0000000013119000 	/System/Library/Frameworks/CoreBluetooth.framework/Versions/A/CoreBluetooth
0x0000000013119000 	/System/Library/Frameworks/CoreDisplay.framework/Versions/A/CoreDisplay
0x0000000013119000 	/System/Library/PrivateFrameworks/IOPresentment.framework/Versions/A/IOPresentment
0x0000000013119000 	/System/Library/PrivateFrameworks/DSExternalDisplay.framework/Versions/A/DSExternalDisplay
0x0000000013119000 	/System/Library/PrivateFrameworks/DebugSymbols.framework/Versions/A/DebugSymbols
0x0000000013119000 	/System/Library/PrivateFrameworks/CoreSymbolication.framework/Versions/A/CoreSymbolication
0x0000000013119000 	/System/Library/PrivateFrameworks/Symbolication.framework/Versions/A/Symbolication
0x0000000013119000 	/System/Library/PrivateFrameworks/AppleFSCompression.framework/Versions/A/AppleFSCompression
0x0000000013119000 	/System/Library/PrivateFrameworks/SpeechRecognitionCore.framework/Versions/A/SpeechRecognitionCore
0x0000000013119000 	/System/Library/PrivateFrameworks/ChunkingLibrary.framework/Versions/A/ChunkingLibrary
0x0000000108971000 	/System/Library/CoreServices/Encodings/libSimplifiedChineseConverter.dylib
0x00000001089b5000 	/Library/Java/JavaVirtualMachines/jdk1.8.0_151.jdk/Contents/Home/jre/lib/server/libjvm.dylib
0x0000000013119000 	/usr/lib/libstdc++.6.dylib
0x000000010995c000 	/Library/Java/JavaVirtualMachines/jdk1.8.0_151.jdk/Contents/Home/jre/lib/libverify.dylib
0x000000010996a000 	/Library/Java/JavaVirtualMachines/jdk1.8.0_151.jdk/Contents/Home/jre/lib/libjava.dylib
0x00000001099a0000 	/Library/Java/JavaVirtualMachines/jdk1.8.0_151.jdk/Contents/Home/jre/lib/libinstrument.dylib
0x000000010a200000 	/Library/Java/JavaVirtualMachines/jdk1.8.0_151.jdk/Contents/Home/jre/lib/libzip.dylib
0x0000000110b44000 	/System/Library/Frameworks/JavaVM.framework/Frameworks/JavaRuntimeSupport.framework/JavaRuntimeSupport
0x0000000110b5e000 	/System/Library/Frameworks/JavaVM.framework/Versions/A/Frameworks/JavaNativeFoundation.framework/Versions/A/JavaNativeFoundation
0x0000000110b73000 	/System/Library/Frameworks/JavaVM.framework/Versions/A/JavaVM
0x0000000013119000 	/System/Library/Frameworks/Carbon.framework/Versions/A/Carbon
0x0000000110b80000 	/System/Library/PrivateFrameworks/JavaLaunching.framework/Versions/A/JavaLaunching
0x0000000013119000 	/System/Library/Frameworks/Carbon.framework/Versions/A/Frameworks/CommonPanels.framework/Versions/A/CommonPanels
0x0000000013119000 	/System/Library/Frameworks/Carbon.framework/Versions/A/Frameworks/Help.framework/Versions/A/Help
0x0000000013119000 	/System/Library/Frameworks/Carbon.framework/Versions/A/Frameworks/ImageCapture.framework/Versions/A/ImageCapture
0x0000000013119000 	/System/Library/Frameworks/Carbon.framework/Versions/A/Frameworks/OpenScripting.framework/Versions/A/OpenScripting
0x0000000013119000 	/System/Library/Frameworks/Carbon.framework/Versions/A/Frameworks/Print.framework/Versions/A/Print
0x0000000013119000 	/System/Library/Frameworks/Carbon.framework/Versions/A/Frameworks/SecurityHI.framework/Versions/A/SecurityHI
0x0000000112808000 	/Library/Java/JavaVirtualMachines/jdk1.8.0_151.jdk/Contents/Home/jre/lib/libnet.dylib
0x0000000112867000 	/Library/Java/JavaVirtualMachines/jdk1.8.0_151.jdk/Contents/Home/jre/lib/libmanagement.dylib
0x0000000112875000 	/Library/Java/JavaVirtualMachines/jdk1.8.0_151.jdk/Contents/Home/jre/lib/libnio.dylib

VM Arguments:
jvm_args: -XX:TieredStopAtLevel=1 -Xverify:none -Dspring.output.ansi.enabled=always -Dcom.sun.management.jmxremote -Dspring.jmx.enabled=true -Dspring.liveBeansView.mbeanDomain -Dspring.application.admin.enabled=true -javaagent:/Applications/IntelliJ IDEA.app/Contents/lib/idea_rt.jar=52297:/Applications/IntelliJ IDEA.app/Contents/bin -Dfile.encoding=UTF-8 
java_command: cn.com.learn.mybatisDemo.App
java_class_path (initial): /Library/Java/JavaVirtualMachines/jdk1.8.0_151.jdk/Contents/Home/jre/lib/charsets.jar:/Library/Java/JavaVirtualMachines/jdk1.8.0_151.jdk/Contents/Home/jre/lib/deploy.jar:/Library/Java/JavaVirtualMachines/jdk1.8.0_151.jdk/Contents/Home/jre/lib/ext/cldrdata.jar:/Library/Java/JavaVirtualMachines/jdk1.8.0_151.jdk/Contents/Home/jre/lib/ext/dnsns.jar:/Library/Java/JavaVirtualMachines/jdk1.8.0_151.jdk/Contents/Home/jre/lib/ext/jaccess.jar:/Library/Java/JavaVirtualMachines/jdk1.8.0_151.jdk/Contents/Home/jre/lib/ext/jfxrt.jar:/Library/Java/JavaVirtualMachines/jdk1.8.0_151.jdk/Contents/Home/jre/lib/ext/localedata.jar:/Library/Java/JavaVirtualMachines/jdk1.8.0_151.jdk/Contents/Home/jre/lib/ext/nashorn.jar:/Library/Java/JavaVirtualMachines/jdk1.8.0_151.jdk/Contents/Home/jre/lib/ext/sunec.jar:/Library/Java/JavaVirtualMachines/jdk1.8.0_151.jdk/Contents/Home/jre/lib/ext/sunjce_provider.jar:/Library/Java/JavaVirtualMachines/jdk1.8.0_151.jdk/Contents/Home/jre/lib/ext/sunpkcs11.jar:/Library/Java/JavaVirtualMachines/jdk1.8.0_151.jdk/Contents/Home/jre/lib/ext/zipfs.jar:/Library/Java/JavaVirtualMachines/jdk1.8.0_151.jdk/Contents/Home/jre/lib/javaws.jar:/Library/Java/JavaVirtualMachines/jdk1.8.0_151.jdk/Contents/Home/jre/lib/jce.jar:/Library/Java/JavaVirtualMachines/jdk1.8.0_151.jdk/Contents/Home/jre/lib/jfr.jar:/Library/Java/JavaVirtualMachines/jdk1.8.0_151.jdk/Contents/Home/jre/lib/jfxswt.jar:/Library/Java/JavaVirtualMachines/jdk1.8.0_151.jdk/Contents/Home/jre/lib/jsse.jar:/Library/Java/JavaVirtualMachines/jdk1.8.0_151.jdk/Contents/Home/jre/lib/management-agent.jar:/Library/Java/JavaVirtualMachines/jdk1.8.0_151.jdk/Contents/Home/jre/lib/plugin.jar:/Library/Java/JavaVirtualMachines/jdk1.8.0_151.jdk/Contents/Home/jre/lib/resources.jar:/Library/Java/JavaVirtualMachines/jdk1.8.0_151.jdk/Contents/Home/jre/lib/rt.jar:/Library/Java/JavaVirtualMachines/jdk1.8.0_151.jdk/Contents/Home/lib/ant-javafx.jar:/Library/Java/JavaVirtualMachines/jdk1.8.0_151.jdk/Contents/Home
Launcher Type: SUN_STANDARD

Environment Variables:
JAVA_HOME=/Library/Java/JavaVirtualMachines/jdk1.8.0_151.jdk/Contents/Home
CLASSPATH=/Library/Java/JavaVirtualMachines/jdk1.8.0_151.jdk/Contents/Home/lib/tools.jar:/Library/Java/JavaVirtualMachines/jdk1.8.0_151.jdk/Contents/Home/lib/dt.jar:/Library/Java/JavaVirtualMachines/jdk1.8.0_151.jdk/Contents/Home/db/lib/derby.jar:/Library/Java/JavaVirtualMachines/jdk1.8.0_151.jdk/Contents/Home/db/lib/derbyclient.jar:/Library/Java/JavaVirtualMachines/jdk1.8.0_151.jdk/Contents/Home/db/lib/derbytools.jar:.
PATH=/Library/Java/JavaVirtualMachines/jdk1.8.0_151.jdk/Contents/Home/bin:/Library/Java/JavaVirtualMachines/jdk1.8.0_151.jdk/Contents/Home/db:/Library/Frameworks/Python.framework/Versions/3.6/bin:/Users/zhoubin/.rvm/gems/ruby-2.4.1/bin:/Users/zhoubin/.rvm/gems/ruby-2.4.1@global/bin:/Users/zhoubin/.rvm/rubies/ruby-2.4.1/bin:/usr/local/bin:/usr/bin:/bin:/usr/sbin:/sbin:/Users/zhoubin/.rvm/bin:/usr/local/mysql/bin:/Users/zhoubin/Documents/tools/gradle-4.9/bin:.
SHELL=/bin/bash

Signal Handlers:
SIGSEGV: [libjvm.dylib+0x5b27a5], sa_mask[0]=11111111011111110111111111111111, sa_flags=SA_ONSTACK|SA_RESTART|SA_SIGINFO
SIGBUS: [libjvm.dylib+0x5b27a5], sa_mask[0]=11111111011111110111111111111111, sa_flags=SA_RESTART|SA_SIGINFO
SIGFPE: [libjvm.dylib+0x4891c4], sa_mask[0]=11111111011111110111111111111111, sa_flags=SA_RESTART|SA_SIGINFO
SIGPIPE: [libjvm.dylib+0x4891c4], sa_mask[0]=11111111011111110111111111111111, sa_flags=SA_RESTART|SA_SIGINFO
SIGXFSZ: [libjvm.dylib+0x4891c4], sa_mask[0]=11111111011111110111111111111111, sa_flags=SA_RESTART|SA_SIGINFO
SIGILL: [libjvm.dylib+0x4891c4], sa_mask[0]=11111111011111110111111111111111, sa_flags=SA_RESTART|SA_SIGINFO
SIGUSR1: SIG_DFL, sa_mask[0]=00000000000000000000000000000000, sa_flags=none
SIGUSR2: [libjvm.dylib+0x488ce2], sa_mask[0]=00100000000000000000000000000000, sa_flags=SA_RESTART|SA_SIGINFO
SIGHUP: [libjvm.dylib+0x4872b9], sa_mask[0]=11111111011111110111111111111111, sa_flags=SA_RESTART|SA_SIGINFO
SIGINT: [libjvm.dylib+0x4872b9], sa_mask[0]=11111111011111110111111111111111, sa_flags=SA_RESTART|SA_SIGINFO
SIGTERM: [libjvm.dylib+0x4872b9], sa_mask[0]=11111111011111110111111111111111, sa_flags=SA_RESTART|SA_SIGINFO
SIGQUIT: [libjvm.dylib+0x4872b9], sa_mask[0]=11111111011111110111111111111111, sa_flags=SA_RESTART|SA_SIGINFO


---------------  S Y S T E M  ---------------

OS:Bsduname:Darwin 16.6.0 Darwin Kernel Version 16.6.0: Fri Apr 14 16:21:16 PDT 2017; root:xnu-3789.60.24~6/RELEASE_X86_64 x86_64
rlimit: STACK 8192k, CORE 0k, NPROC 709, NOFILE 10240, AS infinity
load average:3.84 3.61 3.60

CPU:total 4 (initial active 4) (2 cores per cpu, 2 threads per core) family 6 model 61 stepping 4, cmov, cx8, fxsr, mmx, sse, sse2, sse3, ssse3, sse4.1, sse4.2, popcnt, avx, avx2, aes, clmul, erms, rtm, 3dnowpref, lzcnt, ht, tsc, tscinvbit, bmi1, bmi2, adx

Memory: 4k page, physical 8388608k(247836k free)

/proc/meminfo:


vm_info: Java HotSpot(TM) 64-Bit Server VM (25.151-b12) for bsd-amd64 JRE (1.8.0_151-b12), built on Sep  5 2017 19:37:08 by "java_re" with gcc 4.2.1 (Based on Apple Inc. build 5658) (LLVM build 2336.11.00)

time: Sat Oct 31 16:34:11 2020
elapsed time: 2641 seconds (0d 0h 44m 1s)

